<?xml version="1.0" encoding="UTF-8"?>
<testsuite xmlns:xsi="http://www.w3.org/2001/XMLSchema-instance" xsi:noNamespaceSchemaLocation="https://maven.apache.org/surefire/maven-surefire-plugin/xsd/surefire-test-report-3.0.xsd" version="3.0" name="TestSuite" time="0.254" tests="0" errors="0" skipped="0" failures="0">
  <properties>
    <property name="awt.toolkit" value="sun.awt.X11.XToolkit"/>
    <property name="java.specification.version" value="11"/>
    <property name="sun.cpu.isalist" value=""/>
    <property name="sun.jnu.encoding" value="UTF-8"/>
    <property name="java.class.path" value="/home/vigneshta95gmai/eclipse-project1/pizzahurtPorject/target/test-classes:/home/vigneshta95gmai/eclipse-project1/pizzahurtPorject/target/classes:/home/vigneshta95gmai/.m2/repository/io/cucumber/cucumber-java/6.8.0/cucumber-java-6.8.0.jar:/home/vigneshta95gmai/.m2/repository/io/cucumber/cucumber-core/6.8.0/cucumber-core-6.8.0.jar:/home/vigneshta95gmai/.m2/repository/io/cucumber/cucumber-gherkin/6.8.0/cucumber-gherkin-6.8.0.jar:/home/vigneshta95gmai/.m2/repository/io/cucumber/cucumber-gherkin-messages/6.8.0/cucumber-gherkin-messages-6.8.0.jar:/home/vigneshta95gmai/.m2/repository/io/cucumber/messages/13.1.0/messages-13.1.0.jar:/home/vigneshta95gmai/.m2/repository/io/cucumber/tag-expressions/3.0.0/tag-expressions-3.0.0.jar:/home/vigneshta95gmai/.m2/repository/io/cucumber/cucumber-expressions/10.3.0/cucumber-expressions-10.3.0.jar:/home/vigneshta95gmai/.m2/repository/io/cucumber/datatable/3.5.0/datatable-3.5.0.jar:/home/vigneshta95gmai/.m2/repository/io/cucumber/cucumber-plugin/6.8.0/cucumber-plugin-6.8.0.jar:/home/vigneshta95gmai/.m2/repository/io/cucumber/docstring/6.8.0/docstring-6.8.0.jar:/home/vigneshta95gmai/.m2/repository/io/cucumber/html-formatter/9.0.0/html-formatter-9.0.0.jar:/home/vigneshta95gmai/.m2/repository/io/cucumber/create-meta/2.0.2/create-meta-2.0.2.jar:/home/vigneshta95gmai/.m2/repository/org/apiguardian/apiguardian-api/1.1.0/apiguardian-api-1.1.0.jar:/home/vigneshta95gmai/.m2/repository/io/cucumber/cucumber-junit/6.8.0/cucumber-junit-6.8.0.jar:/home/vigneshta95gmai/.m2/repository/junit/junit/4.13/junit-4.13.jar:/home/vigneshta95gmai/.m2/repository/org/seleniumhq/selenium/selenium-server/3.4.0/selenium-server-3.4.0.jar:/home/vigneshta95gmai/.m2/repository/org/seleniumhq/selenium/selenium-java/3.4.0/selenium-java-3.4.0.jar:/home/vigneshta95gmai/.m2/repository/org/seleniumhq/selenium/selenium-api/3.4.0/selenium-api-3.4.0.jar:/home/vigneshta95gmai/.m2/repository/org/seleniumhq/selenium/selenium-chrome-driver/3.4.0/selenium-chrome-driver-3.4.0.jar:/home/vigneshta95gmai/.m2/repository/org/seleniumhq/selenium/selenium-edge-driver/3.4.0/selenium-edge-driver-3.4.0.jar:/home/vigneshta95gmai/.m2/repository/org/seleniumhq/selenium/selenium-firefox-driver/3.4.0/selenium-firefox-driver-3.4.0.jar:/home/vigneshta95gmai/.m2/repository/org/seleniumhq/selenium/selenium-ie-driver/3.4.0/selenium-ie-driver-3.4.0.jar:/home/vigneshta95gmai/.m2/repository/org/seleniumhq/selenium/selenium-opera-driver/3.4.0/selenium-opera-driver-3.4.0.jar:/home/vigneshta95gmai/.m2/repository/org/seleniumhq/selenium/selenium-remote-driver/3.4.0/selenium-remote-driver-3.4.0.jar:/home/vigneshta95gmai/.m2/repository/org/seleniumhq/selenium/selenium-safari-driver/3.4.0/selenium-safari-driver-3.4.0.jar:/home/vigneshta95gmai/.m2/repository/org/seleniumhq/selenium/selenium-support/3.4.0/selenium-support-3.4.0.jar:/home/vigneshta95gmai/.m2/repository/com/beust/jcommander/1.48/jcommander-1.48.jar:/home/vigneshta95gmai/.m2/repository/cglib/cglib-nodep/3.2.4/cglib-nodep-3.2.4.jar:/home/vigneshta95gmai/.m2/repository/org/apache/commons/commons-exec/1.3/commons-exec-1.3.jar:/home/vigneshta95gmai/.m2/repository/org/apache/commons/commons-lang3/3.5/commons-lang3-3.5.jar:/home/vigneshta95gmai/.m2/repository/commons-codec/commons-codec/1.10/commons-codec-1.10.jar:/home/vigneshta95gmai/.m2/repository/commons-io/commons-io/2.5/commons-io-2.5.jar:/home/vigneshta95gmai/.m2/repository/commons-logging/commons-logging/1.2/commons-logging-1.2.jar:/home/vigneshta95gmai/.m2/repository/org/w3c/css/sac/1.3/sac-1.3.jar:/home/vigneshta95gmai/.m2/repository/net/sourceforge/cssparser/cssparser/0.9.22/cssparser-0.9.22.jar:/home/vigneshta95gmai/.m2/repository/com/google/code/gson/gson/2.8.0/gson-2.8.0.jar:/home/vigneshta95gmai/.m2/repository/com/google/guava/guava/21.0/guava-21.0.jar:/home/vigneshta95gmai/.m2/repository/org/hamcrest/hamcrest-core/1.3/hamcrest-core-1.3.jar:/home/vigneshta95gmai/.m2/repository/net/sourceforge/htmlunit/htmlunit/2.26/htmlunit-2.26.jar:/home/vigneshta95gmai/.m2/repository/net/sourceforge/htmlunit/htmlunit-core-js/2.26/htmlunit-core-js-2.26.jar:/home/vigneshta95gmai/.m2/repository/net/sourceforge/htmlunit/neko-htmlunit/2.25/neko-htmlunit-2.25.jar:/home/vigneshta95gmai/.m2/repository/org/apache/httpcomponents/httpclient/4.5.3/httpclient-4.5.3.jar:/home/vigneshta95gmai/.m2/repository/org/apache/httpcomponents/httpcore/4.4.6/httpcore-4.4.6.jar:/home/vigneshta95gmai/.m2/repository/org/apache/httpcomponents/httpmime/4.5.3/httpmime-4.5.3.jar:/home/vigneshta95gmai/.m2/repository/net/jcip/jcip-annotations/1.0/jcip-annotations-1.0.jar:/home/vigneshta95gmai/.m2/repository/org/seleniumhq/selenium/jetty-repacked/9.4.1.v20170120/jetty-repacked-9.4.1.v20170120.jar:/home/vigneshta95gmai/.m2/repository/org/eclipse/jetty/jetty-io/9.4.1.v20170120/jetty-io-9.4.1.v20170120.jar:/home/vigneshta95gmai/.m2/repository/org/eclipse/jetty/jetty-util/9.4.1.v20170120/jetty-util-9.4.1.v20170120.jar:/home/vigneshta95gmai/.m2/repository/net/java/dev/jna/jna/4.1.0/jna-4.1.0.jar:/home/vigneshta95gmai/.m2/repository/net/java/dev/jna/jna-platform/4.1.0/jna-platform-4.1.0.jar:/home/vigneshta95gmai/.m2/repository/com/codeborne/phantomjsdriver/1.4.0/phantomjsdriver-1.4.0.jar:/home/vigneshta95gmai/.m2/repository/org/seleniumhq/selenium/htmlunit-driver/2.26/htmlunit-driver-2.26.jar:/home/vigneshta95gmai/.m2/repository/javax/servlet/javax.servlet-api/3.1.0/javax.servlet-api-3.1.0.jar:/home/vigneshta95gmai/.m2/repository/org/eclipse/jetty/websocket/websocket-api/9.4.3.v20170317/websocket-api-9.4.3.v20170317.jar:/home/vigneshta95gmai/.m2/repository/org/eclipse/jetty/websocket/websocket-client/9.4.3.v20170317/websocket-client-9.4.3.v20170317.jar:/home/vigneshta95gmai/.m2/repository/org/eclipse/jetty/jetty-client/9.4.3.v20170317/jetty-client-9.4.3.v20170317.jar:/home/vigneshta95gmai/.m2/repository/org/eclipse/jetty/jetty-http/9.4.3.v20170317/jetty-http-9.4.3.v20170317.jar:/home/vigneshta95gmai/.m2/repository/org/eclipse/jetty/websocket/websocket-common/9.4.3.v20170317/websocket-common-9.4.3.v20170317.jar:/home/vigneshta95gmai/.m2/repository/xalan/serializer/2.7.2/serializer-2.7.2.jar:/home/vigneshta95gmai/.m2/repository/xalan/xalan/2.7.2/xalan-2.7.2.jar:/home/vigneshta95gmai/.m2/repository/xerces/xercesImpl/2.11.0/xercesImpl-2.11.0.jar:/home/vigneshta95gmai/.m2/repository/xml-apis/xml-apis/1.4.01/xml-apis-1.4.01.jar:/home/vigneshta95gmai/.m2/repository/org/yaml/snakeyaml/1.15/snakeyaml-1.15.jar:/home/vigneshta95gmai/.m2/repository/org/testng/testng/6.14.3/testng-6.14.3.jar:/home/vigneshta95gmai/.m2/repository/org/apache-extras/beanshell/bsh/2.0b6/bsh-2.0b6.jar:/home/vigneshta95gmai/.m2/repository/org/webjars/npm/extend/3.0.2/extend-3.0.2.jar:/home/vigneshta95gmai/.m2/repository/io/github/bonigarcia/webdrivermanager/5.3.2/webdrivermanager-5.3.2.jar:/home/vigneshta95gmai/.m2/repository/org/slf4j/slf4j-api/2.0.6/slf4j-api-2.0.6.jar:/home/vigneshta95gmai/.m2/repository/com/github/docker-java/docker-java/3.2.14/docker-java-3.2.14.jar:/home/vigneshta95gmai/.m2/repository/com/github/docker-java/docker-java-core/3.2.14/docker-java-core-3.2.14.jar:/home/vigneshta95gmai/.m2/repository/com/github/docker-java/docker-java-api/3.2.14/docker-java-api-3.2.14.jar:/home/vigneshta95gmai/.m2/repository/com/fasterxml/jackson/core/jackson-annotations/2.10.3/jackson-annotations-2.10.3.jar:/home/vigneshta95gmai/.m2/repository/org/apache/commons/commons-compress/1.21/commons-compress-1.21.jar:/home/vigneshta95gmai/.m2/repository/com/fasterxml/jackson/core/jackson-databind/2.10.3/jackson-databind-2.10.3.jar:/home/vigneshta95gmai/.m2/repository/com/fasterxml/jackson/core/jackson-core/2.10.3/jackson-core-2.10.3.jar:/home/vigneshta95gmai/.m2/repository/org/bouncycastle/bcpkix-jdk15on/1.64/bcpkix-jdk15on-1.64.jar:/home/vigneshta95gmai/.m2/repository/org/bouncycastle/bcprov-jdk15on/1.64/bcprov-jdk15on-1.64.jar:/home/vigneshta95gmai/.m2/repository/org/slf4j/jcl-over-slf4j/1.7.30/jcl-over-slf4j-1.7.30.jar:/home/vigneshta95gmai/.m2/repository/com/github/docker-java/docker-java-transport-httpclient5/3.2.14/docker-java-transport-httpclient5-3.2.14.jar:/home/vigneshta95gmai/.m2/repository/com/github/docker-java/docker-java-transport/3.2.14/docker-java-transport-3.2.14.jar:/home/vigneshta95gmai/.m2/repository/org/brotli/dec/0.1.2/dec-0.1.2.jar:/home/vigneshta95gmai/.m2/repository/org/apache/httpcomponents/client5/httpclient5/5.2.1/httpclient5-5.2.1.jar:/home/vigneshta95gmai/.m2/repository/org/apache/httpcomponents/core5/httpcore5/5.2/httpcore5-5.2.jar:/home/vigneshta95gmai/.m2/repository/org/apache/httpcomponents/core5/httpcore5-h2/5.2/httpcore5-h2-5.2.jar:"/>
    <property name="java.vm.vendor" value="Ubuntu"/>
    <property name="sun.arch.data.model" value="64"/>
    <property name="java.vendor.url" value="https://ubuntu.com/"/>
    <property name="user.timezone" value="Etc/UTC"/>
    <property name="java.vm.specification.version" value="11"/>
    <property name="os.name" value="Linux"/>
    <property name="sun.java.launcher" value="SUN_STANDARD"/>
    <property name="sun.boot.library.path" value="/usr/lib/jvm/java-11-openjdk-amd64/lib"/>
    <property name="sun.java.command" value="/home/vigneshta95gmai/eclipse-project1/pizzahurtPorject/target/surefire/surefirebooter417834440024073793.jar /home/vigneshta95gmai/eclipse-project1/pizzahurtPorject/target/surefire 2023-02-22T10-09-37_635-jvmRun1 surefire16175652135487804493tmp surefire_017918329329263373051tmp"/>
    <property name="jdk.debug" value="release"/>
    <property name="surefire.test.class.path" value="/home/vigneshta95gmai/eclipse-project1/pizzahurtPorject/target/test-classes:/home/vigneshta95gmai/eclipse-project1/pizzahurtPorject/target/classes:/home/vigneshta95gmai/.m2/repository/io/cucumber/cucumber-java/6.8.0/cucumber-java-6.8.0.jar:/home/vigneshta95gmai/.m2/repository/io/cucumber/cucumber-core/6.8.0/cucumber-core-6.8.0.jar:/home/vigneshta95gmai/.m2/repository/io/cucumber/cucumber-gherkin/6.8.0/cucumber-gherkin-6.8.0.jar:/home/vigneshta95gmai/.m2/repository/io/cucumber/cucumber-gherkin-messages/6.8.0/cucumber-gherkin-messages-6.8.0.jar:/home/vigneshta95gmai/.m2/repository/io/cucumber/messages/13.1.0/messages-13.1.0.jar:/home/vigneshta95gmai/.m2/repository/io/cucumber/tag-expressions/3.0.0/tag-expressions-3.0.0.jar:/home/vigneshta95gmai/.m2/repository/io/cucumber/cucumber-expressions/10.3.0/cucumber-expressions-10.3.0.jar:/home/vigneshta95gmai/.m2/repository/io/cucumber/datatable/3.5.0/datatable-3.5.0.jar:/home/vigneshta95gmai/.m2/repository/io/cucumber/cucumber-plugin/6.8.0/cucumber-plugin-6.8.0.jar:/home/vigneshta95gmai/.m2/repository/io/cucumber/docstring/6.8.0/docstring-6.8.0.jar:/home/vigneshta95gmai/.m2/repository/io/cucumber/html-formatter/9.0.0/html-formatter-9.0.0.jar:/home/vigneshta95gmai/.m2/repository/io/cucumber/create-meta/2.0.2/create-meta-2.0.2.jar:/home/vigneshta95gmai/.m2/repository/org/apiguardian/apiguardian-api/1.1.0/apiguardian-api-1.1.0.jar:/home/vigneshta95gmai/.m2/repository/io/cucumber/cucumber-junit/6.8.0/cucumber-junit-6.8.0.jar:/home/vigneshta95gmai/.m2/repository/junit/junit/4.13/junit-4.13.jar:/home/vigneshta95gmai/.m2/repository/org/seleniumhq/selenium/selenium-server/3.4.0/selenium-server-3.4.0.jar:/home/vigneshta95gmai/.m2/repository/org/seleniumhq/selenium/selenium-java/3.4.0/selenium-java-3.4.0.jar:/home/vigneshta95gmai/.m2/repository/org/seleniumhq/selenium/selenium-api/3.4.0/selenium-api-3.4.0.jar:/home/vigneshta95gmai/.m2/repository/org/seleniumhq/selenium/selenium-chrome-driver/3.4.0/selenium-chrome-driver-3.4.0.jar:/home/vigneshta95gmai/.m2/repository/org/seleniumhq/selenium/selenium-edge-driver/3.4.0/selenium-edge-driver-3.4.0.jar:/home/vigneshta95gmai/.m2/repository/org/seleniumhq/selenium/selenium-firefox-driver/3.4.0/selenium-firefox-driver-3.4.0.jar:/home/vigneshta95gmai/.m2/repository/org/seleniumhq/selenium/selenium-ie-driver/3.4.0/selenium-ie-driver-3.4.0.jar:/home/vigneshta95gmai/.m2/repository/org/seleniumhq/selenium/selenium-opera-driver/3.4.0/selenium-opera-driver-3.4.0.jar:/home/vigneshta95gmai/.m2/repository/org/seleniumhq/selenium/selenium-remote-driver/3.4.0/selenium-remote-driver-3.4.0.jar:/home/vigneshta95gmai/.m2/repository/org/seleniumhq/selenium/selenium-safari-driver/3.4.0/selenium-safari-driver-3.4.0.jar:/home/vigneshta95gmai/.m2/repository/org/seleniumhq/selenium/selenium-support/3.4.0/selenium-support-3.4.0.jar:/home/vigneshta95gmai/.m2/repository/com/beust/jcommander/1.48/jcommander-1.48.jar:/home/vigneshta95gmai/.m2/repository/cglib/cglib-nodep/3.2.4/cglib-nodep-3.2.4.jar:/home/vigneshta95gmai/.m2/repository/org/apache/commons/commons-exec/1.3/commons-exec-1.3.jar:/home/vigneshta95gmai/.m2/repository/org/apache/commons/commons-lang3/3.5/commons-lang3-3.5.jar:/home/vigneshta95gmai/.m2/repository/commons-codec/commons-codec/1.10/commons-codec-1.10.jar:/home/vigneshta95gmai/.m2/repository/commons-io/commons-io/2.5/commons-io-2.5.jar:/home/vigneshta95gmai/.m2/repository/commons-logging/commons-logging/1.2/commons-logging-1.2.jar:/home/vigneshta95gmai/.m2/repository/org/w3c/css/sac/1.3/sac-1.3.jar:/home/vigneshta95gmai/.m2/repository/net/sourceforge/cssparser/cssparser/0.9.22/cssparser-0.9.22.jar:/home/vigneshta95gmai/.m2/repository/com/google/code/gson/gson/2.8.0/gson-2.8.0.jar:/home/vigneshta95gmai/.m2/repository/com/google/guava/guava/21.0/guava-21.0.jar:/home/vigneshta95gmai/.m2/repository/org/hamcrest/hamcrest-core/1.3/hamcrest-core-1.3.jar:/home/vigneshta95gmai/.m2/repository/net/sourceforge/htmlunit/htmlunit/2.26/htmlunit-2.26.jar:/home/vigneshta95gmai/.m2/repository/net/sourceforge/htmlunit/htmlunit-core-js/2.26/htmlunit-core-js-2.26.jar:/home/vigneshta95gmai/.m2/repository/net/sourceforge/htmlunit/neko-htmlunit/2.25/neko-htmlunit-2.25.jar:/home/vigneshta95gmai/.m2/repository/org/apache/httpcomponents/httpclient/4.5.3/httpclient-4.5.3.jar:/home/vigneshta95gmai/.m2/repository/org/apache/httpcomponents/httpcore/4.4.6/httpcore-4.4.6.jar:/home/vigneshta95gmai/.m2/repository/org/apache/httpcomponents/httpmime/4.5.3/httpmime-4.5.3.jar:/home/vigneshta95gmai/.m2/repository/net/jcip/jcip-annotations/1.0/jcip-annotations-1.0.jar:/home/vigneshta95gmai/.m2/repository/org/seleniumhq/selenium/jetty-repacked/9.4.1.v20170120/jetty-repacked-9.4.1.v20170120.jar:/home/vigneshta95gmai/.m2/repository/org/eclipse/jetty/jetty-io/9.4.1.v20170120/jetty-io-9.4.1.v20170120.jar:/home/vigneshta95gmai/.m2/repository/org/eclipse/jetty/jetty-util/9.4.1.v20170120/jetty-util-9.4.1.v20170120.jar:/home/vigneshta95gmai/.m2/repository/net/java/dev/jna/jna/4.1.0/jna-4.1.0.jar:/home/vigneshta95gmai/.m2/repository/net/java/dev/jna/jna-platform/4.1.0/jna-platform-4.1.0.jar:/home/vigneshta95gmai/.m2/repository/com/codeborne/phantomjsdriver/1.4.0/phantomjsdriver-1.4.0.jar:/home/vigneshta95gmai/.m2/repository/org/seleniumhq/selenium/htmlunit-driver/2.26/htmlunit-driver-2.26.jar:/home/vigneshta95gmai/.m2/repository/javax/servlet/javax.servlet-api/3.1.0/javax.servlet-api-3.1.0.jar:/home/vigneshta95gmai/.m2/repository/org/eclipse/jetty/websocket/websocket-api/9.4.3.v20170317/websocket-api-9.4.3.v20170317.jar:/home/vigneshta95gmai/.m2/repository/org/eclipse/jetty/websocket/websocket-client/9.4.3.v20170317/websocket-client-9.4.3.v20170317.jar:/home/vigneshta95gmai/.m2/repository/org/eclipse/jetty/jetty-client/9.4.3.v20170317/jetty-client-9.4.3.v20170317.jar:/home/vigneshta95gmai/.m2/repository/org/eclipse/jetty/jetty-http/9.4.3.v20170317/jetty-http-9.4.3.v20170317.jar:/home/vigneshta95gmai/.m2/repository/org/eclipse/jetty/websocket/websocket-common/9.4.3.v20170317/websocket-common-9.4.3.v20170317.jar:/home/vigneshta95gmai/.m2/repository/xalan/serializer/2.7.2/serializer-2.7.2.jar:/home/vigneshta95gmai/.m2/repository/xalan/xalan/2.7.2/xalan-2.7.2.jar:/home/vigneshta95gmai/.m2/repository/xerces/xercesImpl/2.11.0/xercesImpl-2.11.0.jar:/home/vigneshta95gmai/.m2/repository/xml-apis/xml-apis/1.4.01/xml-apis-1.4.01.jar:/home/vigneshta95gmai/.m2/repository/org/yaml/snakeyaml/1.15/snakeyaml-1.15.jar:/home/vigneshta95gmai/.m2/repository/org/testng/testng/6.14.3/testng-6.14.3.jar:/home/vigneshta95gmai/.m2/repository/org/apache-extras/beanshell/bsh/2.0b6/bsh-2.0b6.jar:/home/vigneshta95gmai/.m2/repository/org/webjars/npm/extend/3.0.2/extend-3.0.2.jar:/home/vigneshta95gmai/.m2/repository/io/github/bonigarcia/webdrivermanager/5.3.2/webdrivermanager-5.3.2.jar:/home/vigneshta95gmai/.m2/repository/org/slf4j/slf4j-api/2.0.6/slf4j-api-2.0.6.jar:/home/vigneshta95gmai/.m2/repository/com/github/docker-java/docker-java/3.2.14/docker-java-3.2.14.jar:/home/vigneshta95gmai/.m2/repository/com/github/docker-java/docker-java-core/3.2.14/docker-java-core-3.2.14.jar:/home/vigneshta95gmai/.m2/repository/com/github/docker-java/docker-java-api/3.2.14/docker-java-api-3.2.14.jar:/home/vigneshta95gmai/.m2/repository/com/fasterxml/jackson/core/jackson-annotations/2.10.3/jackson-annotations-2.10.3.jar:/home/vigneshta95gmai/.m2/repository/org/apache/commons/commons-compress/1.21/commons-compress-1.21.jar:/home/vigneshta95gmai/.m2/repository/com/fasterxml/jackson/core/jackson-databind/2.10.3/jackson-databind-2.10.3.jar:/home/vigneshta95gmai/.m2/repository/com/fasterxml/jackson/core/jackson-core/2.10.3/jackson-core-2.10.3.jar:/home/vigneshta95gmai/.m2/repository/org/bouncycastle/bcpkix-jdk15on/1.64/bcpkix-jdk15on-1.64.jar:/home/vigneshta95gmai/.m2/repository/org/bouncycastle/bcprov-jdk15on/1.64/bcprov-jdk15on-1.64.jar:/home/vigneshta95gmai/.m2/repository/org/slf4j/jcl-over-slf4j/1.7.30/jcl-over-slf4j-1.7.30.jar:/home/vigneshta95gmai/.m2/repository/com/github/docker-java/docker-java-transport-httpclient5/3.2.14/docker-java-transport-httpclient5-3.2.14.jar:/home/vigneshta95gmai/.m2/repository/com/github/docker-java/docker-java-transport/3.2.14/docker-java-transport-3.2.14.jar:/home/vigneshta95gmai/.m2/repository/org/brotli/dec/0.1.2/dec-0.1.2.jar:/home/vigneshta95gmai/.m2/repository/org/apache/httpcomponents/client5/httpclient5/5.2.1/httpclient5-5.2.1.jar:/home/vigneshta95gmai/.m2/repository/org/apache/httpcomponents/core5/httpcore5/5.2/httpcore5-5.2.jar:/home/vigneshta95gmai/.m2/repository/org/apache/httpcomponents/core5/httpcore5-h2/5.2/httpcore5-h2-5.2.jar:"/>
    <property name="sun.cpu.endian" value="little"/>
    <property name="user.home" value="/home/vigneshta95gmai"/>
    <property name="user.language" value="en"/>
    <property name="java.specification.vendor" value="Oracle Corporation"/>
    <property name="java.version.date" value="2022-10-18"/>
    <property name="java.home" value="/usr/lib/jvm/java-11-openjdk-amd64"/>
    <property name="file.separator" value="/"/>
    <property name="basedir" value="/home/vigneshta95gmai/eclipse-project1/pizzahurtPorject"/>
    <property name="java.vm.compressedOopsMode" value="Zero based"/>
    <property name="line.separator" value="&#10;"/>
    <property name="java.specification.name" value="Java Platform API Specification"/>
    <property name="java.vm.specification.vendor" value="Oracle Corporation"/>
    <property name="java.awt.graphicsenv" value="sun.awt.X11GraphicsEnvironment"/>
    <property name="surefire.real.class.path" value="/home/vigneshta95gmai/eclipse-project1/pizzahurtPorject/target/surefire/surefirebooter417834440024073793.jar"/>
    <property name="sun.management.compiler" value="HotSpot 64-Bit Tiered Compilers"/>
    <property name="java.runtime.version" value="11.0.17+8-post-Ubuntu-1ubuntu220.04"/>
    <property name="user.name" value="vigneshta95gmai"/>
    <property name="path.separator" value=":"/>
    <property name="os.version" value="5.15.0-1030-aws"/>
    <property name="java.runtime.name" value="OpenJDK Runtime Environment"/>
    <property name="file.encoding" value="UTF-8"/>
    <property name="java.vm.name" value="OpenJDK 64-Bit Server VM"/>
    <property name="localRepository" value="/home/vigneshta95gmai/.m2/repository"/>
    <property name="java.vendor.url.bug" value="https://bugs.launchpad.net/ubuntu/+source/openjdk-lts"/>
    <property name="java.io.tmpdir" value="/tmp"/>
    <property name="java.version" value="11.0.17"/>
    <property name="user.dir" value="/home/vigneshta95gmai/eclipse-project1/pizzahurtPorject"/>
    <property name="os.arch" value="amd64"/>
    <property name="java.vm.specification.name" value="Java Virtual Machine Specification"/>
    <property name="java.awt.printerjob" value="sun.print.PSPrinterJob"/>
    <property name="sun.os.patch.level" value="unknown"/>
    <property name="java.library.path" value="/usr/java/packages/lib:/usr/lib/x86_64-linux-gnu/jni:/lib/x86_64-linux-gnu:/usr/lib/x86_64-linux-gnu:/usr/lib/jni:/lib:/usr/lib"/>
    <property name="java.vm.info" value="mixed mode, sharing"/>
    <property name="java.vendor" value="Ubuntu"/>
    <property name="java.vm.version" value="11.0.17+8-post-Ubuntu-1ubuntu220.04"/>
    <property name="sun.io.unicode.encoding" value="UnicodeLittle"/>
    <property name="java.class.version" value="55.0"/>
  </properties>
</testsuite>