<?xml version="1.0" encoding="UTF-8"?>
<!-- Generated by org.testng.reporters.JUnitReportReporter -->
<testsuite hostname="ip-172-31-26-84" failures="0" tests="1" name="pizzahurtPorjecttestng.TestNG" time="67.022" errors="0" timestamp="2023-02-25T14:41:24 UTC" skipped="0">
  <testcase classname="pizzahurtPorjecttestng.TestNG" name="Lunchedapplication" time="67.022"/>
  <system-out/>
</testsuite> <!-- pizzahurtPorjecttestng.TestNG -->
